C51 COMPILER V9.00   KEYSCAN                                                               02/13/2018 16:41:46 PAGE 1   


C51 COMPILER V9.00, COMPILATION OF MODULE KEYSCAN
OBJECT MODULE PLACED IN KeyScan.OBJ
COMPILER INVOKED BY: C:\Keil\C51\BIN\C51.EXE KeyScan.c BROWSE DEBUG OBJECTEXTEND

line level    source

   1          #include <reg52.h>
   2          #define uchar unsigned char
   3          #define uint  unsigned int
   4          sbit we = P2^7;
   5          sbit du = P2^6;
   6          uchar KeyValue = 22;//按键值
   7          uchar code leddata[]={ 
   8           
   9                          0x3F,  //"0"
  10                          0x06,  //"1"
  11                          0x5B,  //"2"
  12                          0x4F,  //"3"
  13                          0x66,  //"4"
  14                          0x6D,  //"5"
  15                          0x7D,  //"6"
  16                          0x07,  //"7"
  17                          0x7F,  //"8"
  18                          0x6F,  //"9"
  19                          0x77,  //"A"
  20                          0x7C,  //"B"
  21                          0x39,  //"C"
  22                          0x5E,  //"D"
  23                          0x79,  //"E"
  24                          0x71,  //"F"
  25                          0x76,  //"H"
  26                          0x38,  //"L"
  27                          0x37,  //"n"
  28                          0x3E,  //"u"
  29                          0x73,  //"P"
  30                          0x5C,  //"o"
  31                          0x40,  //"-"
  32                          0x00,  //熄灭
  33                          0x00  //自定义
  34           
  35                                   };
  36          void delay(uint z)
  37          {
  38   1              uint x,y;
  39   1              for(x = z; x > 0; x--)
  40   1                      for(y = 114; y > 0 ; y--);
  41   1      }
  42          
  43          //检测20个按键的键盘扫描函数和检测矩阵键盘的扫描函数略有不同，用户可以自行比对找出差异
  44          void KeyScan()  //带返回值的子函数
  45          {
  46   1              P3 = 0xf0;//判断哪一列被按下
  47   1              if(P3 != 0xf0)
  48   1              {
  49   2                      delay(5);//软件消抖
  50   2                      if( P3 != 0xf0)
  51   2                      {
  52   3                              switch(P3)
  53   3                              {
  54   4                                      case 0xe0:      KeyValue = 0;   break;
  55   4                                      case 0xd0:      KeyValue = 1;   break;
C51 COMPILER V9.00   KEYSCAN                                                               02/13/2018 16:41:46 PAGE 2   

  56   4                                      case 0xb0:      KeyValue = 2;   break;
  57   4                                      case 0x70:      KeyValue = 3;   break;
  58   4                              }
  59   3                              P3 = 0x0f;//判断哪一行被按下
  60   3                              switch(P3)
  61   3                              {
  62   4                                      case 0x0e:      KeyValue = KeyValue;    break;
  63   4                                      case 0x0d:      KeyValue += 4;  break;
  64   4                                      case 0x0b:      KeyValue += 8;  break;
  65   4                                      case 0x07:      KeyValue += 12; break;
  66   4                              }
  67   3                              while(P3 != 0x0f);//松手检测
  68   3                      }                       
  69   2              }
  70   1              P3 = 0xff;//判断独立按键
  71   1              if(P3 != 0xff)
  72   1              {
  73   2                      delay(5);//软件消抖
  74   2                      if( P3 != 0xff)
  75   2                      {
  76   3                              switch(P3)
  77   3                              {
  78   4                                      case 0xfe:      KeyValue = 16;  break;
  79   4                                      case 0xfd:      KeyValue = 17;  break;
  80   4                                      case 0xfb:      KeyValue = 18;  break;
  81   4                                      case 0xf7:      KeyValue = 19;  break;
  82   4                              }
  83   3                              while(P3 != 0xff);//松手检测
  84   3                      }       
  85   2              }       
  86   1      }
  87          
  88          
  89          
  90          void main()
  91          {
  92   1              we = 1;//打开位选
  93   1              P0 = 0;//八位数码管全显示
  94   1              we = 0;//锁存位选
  95   1      
  96   1              du = 1;//打开段选端
  97   1              P0 = 0;
  98   1              while(1)
  99   1              {
 100   2                      KeyScan();
 101   2                      P0 = leddata[KeyValue];
 102   2              }
 103   1      }


MODULE INFORMATION:   STATIC OVERLAYABLE
   CODE SIZE        =    220    ----
   CONSTANT SIZE    =     25    ----
   XDATA SIZE       =   ----    ----
   PDATA SIZE       =   ----    ----
   DATA SIZE        =      1    ----
   IDATA SIZE       =   ----    ----
   BIT SIZE         =   ----    ----
END OF MODULE INFORMATION.


C51 COMPILATION COMPLETE.  0 WARNING(S),  0 ERROR(S)
